This file contains any messages produced by compilers while
running configure, to aid debugging if configure makes a mistake.

It was created by Plexil configure 4.6.0, which was
generated by GNU Autoconf 2.69.  Invocation command line was

  $ ./configure --prefix=/home/jorgemoreno/Documents/plexil --enable-ipc --enable-module-tests --enable-viewer --enable-sas --enable-test-exec --enable-udp

## --------- ##
## Platform. ##
## --------- ##

hostname = pop-os
uname -m = x86_64
uname -r = 5.18.10-76051810-generic
uname -s = Linux
uname -v = #202207071639~1657252310~21.10~7d5e891 SMP PREEMPT_DYNAMIC Fri J

/usr/bin/uname -p = x86_64
/bin/uname -X     = unknown

/bin/arch              = x86_64
/usr/bin/arch -k       = unknown
/usr/convex/getsysinfo = unknown
/usr/bin/hostinfo      = unknown
/bin/machine           = unknown
/usr/bin/oslevel       = unknown
/bin/universe          = unknown

PATH: /home/jorgemoreno/Documents/plexil/scripts
PATH: /home/jorgemoreno/Documents/plexil/scripts
PATH: /home/jorgemoreno/.local/bin
PATH: /home/jorgemoreno/bin
PATH: /usr/local/sbin
PATH: /usr/local/bin
PATH: /usr/sbin
PATH: /usr/bin
PATH: /sbin
PATH: /bin
PATH: /usr/games
PATH: /usr/local/games
PATH: /snap/bin
PATH: /snap/bin
PATH: /home/jorgemoreno/Documents/plexil/bin
PATH: /home/jorgemoreno/Documents/plexil/scripts
PATH: /home/jorgemoreno/Documents/plexil/bin
PATH: /home/jorgemoreno/Documents/plexil/scripts
PATH: /home/jorgemoreno/Documents/plexil/bin
PATH: /home/jorgemoreno/Documents/plexil/scripts
PATH: /home/jorgemoreno/Documents/plexil/bin
PATH: /home/jorgemoreno/Documents/plexil/scripts


## ----------- ##
## Core tests. ##
## ----------- ##

configure:2596: checking for g++
configure:2612: found /usr/bin/g++
configure:2623: result: g++
configure:2650: checking for C++ compiler version
configure:2659: g++ --version >&5
g++ (Ubuntu 11.2.0-7ubuntu2) 11.2.0
Copyright (C) 2021 Free Software Foundation, Inc.
This is free software; see the source for copying conditions.  There is NO
warranty; not even for MERCHANTABILITY or FITNESS FOR A PARTICULAR PURPOSE.

configure:2670: $? = 0
configure:2659: g++ -v >&5
Using built-in specs.
COLLECT_GCC=g++
COLLECT_LTO_WRAPPER=/usr/lib/gcc/x86_64-linux-gnu/11/lto-wrapper
OFFLOAD_TARGET_NAMES=nvptx-none:amdgcn-amdhsa
OFFLOAD_TARGET_DEFAULT=1
Target: x86_64-linux-gnu
Configured with: ../src/configure -v --with-pkgversion='Ubuntu 11.2.0-7ubuntu2' --with-bugurl=file:///usr/share/doc/gcc-11/README.Bugs --enable-languages=c,ada,c++,go,brig,d,fortran,objc,obj-c++,m2 --prefix=/usr --with-gcc-major-version-only --program-suffix=-11 --program-prefix=x86_64-linux-gnu- --enable-shared --enable-linker-build-id --libexecdir=/usr/lib --without-included-gettext --enable-threads=posix --libdir=/usr/lib --enable-nls --enable-bootstrap --enable-clocale=gnu --enable-libstdcxx-debug --enable-libstdcxx-time=yes --with-default-libstdcxx-abi=new --enable-gnu-unique-object --disable-vtable-verify --enable-plugin --enable-default-pie --with-system-zlib --enable-libphobos-checking=release --with-target-system-zlib=auto --enable-objc-gc=auto --enable-multiarch --disable-werror --enable-cet --with-arch-32=i686 --with-abi=m64 --with-multilib-list=m32,m64,mx32 --enable-multilib --with-tune=generic --enable-offload-targets=nvptx-none=/build/gcc-11-ZPT0kp/gcc-11-11.2.0/debian/tmp-nvptx/usr,amdgcn-amdhsa=/build/gcc-11-ZPT0kp/gcc-11-11.2.0/debian/tmp-gcn/usr --without-cuda-driver --enable-checking=release --build=x86_64-linux-gnu --host=x86_64-linux-gnu --target=x86_64-linux-gnu --with-build-config=bootstrap-lto-lean --enable-link-serialization=2
Thread model: posix
Supported LTO compression algorithms: zlib zstd
gcc version 11.2.0 (Ubuntu 11.2.0-7ubuntu2) 
... rest of stderr output deleted ...
configure:2670: $? = 0
configure:2659: g++ -V >&5
g++: error: unrecognized command-line option '-V'
g++: fatal error: no input files
compilation terminated.
configure:2670: $? = 1
configure:2659: g++ -qversion >&5
g++: error: unrecognized command-line option '-qversion'; did you mean '--version'?
g++: fatal error: no input files
compilation terminated.
configure:2670: $? = 1
configure:2690: checking whether the C++ compiler works
configure:2712: g++    conftest.cpp  >&5
configure:2716: $? = 0
configure:2764: result: yes
configure:2767: checking for C++ compiler default output file name
configure:2769: result: a.out
configure:2775: checking for suffix of executables
configure:2782: g++ -o conftest    conftest.cpp  >&5
configure:2786: $? = 0
configure:2808: result: 
configure:2830: checking whether we are cross compiling
configure:2838: g++ -o conftest    conftest.cpp  >&5
configure:2842: $? = 0
configure:2849: ./conftest
configure:2853: $? = 0
configure:2868: result: no
configure:2873: checking for suffix of object files
configure:2895: g++ -c   conftest.cpp >&5
configure:2899: $? = 0
configure:2920: result: o
configure:2924: checking whether we are using the GNU C++ compiler
configure:2943: g++ -c   conftest.cpp >&5
configure:2943: $? = 0
configure:2952: result: yes
configure:2961: checking whether g++ accepts -g
configure:2981: g++ -c -g  conftest.cpp >&5
configure:2981: $? = 0
configure:3022: result: yes
configure:3093: checking for gcc
configure:3109: found /usr/bin/gcc
configure:3120: result: gcc
configure:3349: checking for C compiler version
configure:3358: gcc --version >&5
gcc (Ubuntu 11.2.0-7ubuntu2) 11.2.0
Copyright (C) 2021 Free Software Foundation, Inc.
This is free software; see the source for copying conditions.  There is NO
warranty; not even for MERCHANTABILITY or FITNESS FOR A PARTICULAR PURPOSE.

configure:3369: $? = 0
configure:3358: gcc -v >&5
Using built-in specs.
COLLECT_GCC=gcc
COLLECT_LTO_WRAPPER=/usr/lib/gcc/x86_64-linux-gnu/11/lto-wrapper
OFFLOAD_TARGET_NAMES=nvptx-none:amdgcn-amdhsa
OFFLOAD_TARGET_DEFAULT=1
Target: x86_64-linux-gnu
Configured with: ../src/configure -v --with-pkgversion='Ubuntu 11.2.0-7ubuntu2' --with-bugurl=file:///usr/share/doc/gcc-11/README.Bugs --enable-languages=c,ada,c++,go,brig,d,fortran,objc,obj-c++,m2 --prefix=/usr --with-gcc-major-version-only --program-suffix=-11 --program-prefix=x86_64-linux-gnu- --enable-shared --enable-linker-build-id --libexecdir=/usr/lib --without-included-gettext --enable-threads=posix --libdir=/usr/lib --enable-nls --enable-bootstrap --enable-clocale=gnu --enable-libstdcxx-debug --enable-libstdcxx-time=yes --with-default-libstdcxx-abi=new --enable-gnu-unique-object --disable-vtable-verify --enable-plugin --enable-default-pie --with-system-zlib --enable-libphobos-checking=release --with-target-system-zlib=auto --enable-objc-gc=auto --enable-multiarch --disable-werror --enable-cet --with-arch-32=i686 --with-abi=m64 --with-multilib-list=m32,m64,mx32 --enable-multilib --with-tune=generic --enable-offload-targets=nvptx-none=/build/gcc-11-ZPT0kp/gcc-11-11.2.0/debian/tmp-nvptx/usr,amdgcn-amdhsa=/build/gcc-11-ZPT0kp/gcc-11-11.2.0/debian/tmp-gcn/usr --without-cuda-driver --enable-checking=release --build=x86_64-linux-gnu --host=x86_64-linux-gnu --target=x86_64-linux-gnu --with-build-config=bootstrap-lto-lean --enable-link-serialization=2
Thread model: posix
Supported LTO compression algorithms: zlib zstd
gcc version 11.2.0 (Ubuntu 11.2.0-7ubuntu2) 
... rest of stderr output deleted ...
configure:3369: $? = 0
configure:3358: gcc -V >&5
gcc: error: unrecognized command-line option '-V'
gcc: fatal error: no input files
compilation terminated.
configure:3369: $? = 1
configure:3358: gcc -qversion >&5
gcc: error: unrecognized command-line option '-qversion'; did you mean '--version'?
gcc: fatal error: no input files
compilation terminated.
configure:3369: $? = 1
configure:3373: checking whether we are using the GNU C compiler
configure:3392: gcc -c   conftest.c >&5
configure:3392: $? = 0
configure:3401: result: yes
configure:3410: checking whether gcc accepts -g
configure:3430: gcc -c -g  conftest.c >&5
configure:3430: $? = 0
configure:3471: result: yes
configure:3488: checking for gcc option to accept ISO C89
configure:3551: gcc  -c -g -O2  conftest.c >&5
configure:3551: $? = 0
configure:3564: result: none needed
configure:3621: checking whether gcc understands -c and -o together
configure:3643: gcc -c conftest.c -o conftest2.o
configure:3646: $? = 0
configure:3643: gcc -c conftest.c -o conftest2.o
configure:3646: $? = 0
configure:3658: result: yes
configure:3679: checking for gperf
configure:3697: found /usr/bin/gperf
configure:3709: result: /usr/bin/gperf
configure:3751: checking build system type
configure:3765: result: x86_64-pc-linux-gnu
configure:3785: checking host system type
configure:3798: result: x86_64-pc-linux-gnu
configure:3839: checking how to print strings
configure:3866: result: printf
configure:3887: checking for a sed that does not truncate output
configure:3951: result: /usr/bin/sed
configure:3969: checking for grep that handles long lines and -e
configure:4027: result: /usr/bin/grep
configure:4032: checking for egrep
configure:4094: result: /usr/bin/grep -E
configure:4099: checking for fgrep
configure:4161: result: /usr/bin/grep -F
configure:4196: checking for ld used by gcc
configure:4263: result: /usr/bin/ld
configure:4270: checking if the linker (/usr/bin/ld) is GNU ld
configure:4285: result: yes
configure:4297: checking for BSD- or MS-compatible name lister (nm)
configure:4351: result: /usr/bin/nm -B
configure:4481: checking the name lister (/usr/bin/nm -B) interface
configure:4488: g++ -c -g -O2  conftest.cpp >&5
configure:4491: /usr/bin/nm -B "conftest.o"
configure:4494: output
0000000000000000 B some_variable
configure:4501: result: BSD nm
configure:4504: checking whether ln -s works
configure:4508: result: yes
configure:4516: checking the maximum length of command line arguments
configure:4647: result: 1572864
configure:4695: checking how to convert x86_64-pc-linux-gnu file names to x86_64-pc-linux-gnu format
configure:4735: result: func_convert_file_noop
configure:4742: checking how to convert x86_64-pc-linux-gnu file names to toolchain format
configure:4762: result: func_convert_file_noop
configure:4769: checking for /usr/bin/ld option to reload object files
configure:4776: result: -r
configure:4850: checking for objdump
configure:4866: found /usr/bin/objdump
configure:4877: result: objdump
configure:4909: checking how to recognize dependent libraries
configure:5109: result: pass_all
configure:5194: checking for dlltool
configure:5224: result: no
configure:5254: checking how to associate runtime and link libraries
configure:5281: result: printf %s\n
configure:5342: checking for ar
configure:5358: found /usr/bin/ar
configure:5369: result: ar
configure:5406: checking for archiver @FILE support
configure:5423: g++ -c -g -O2  conftest.cpp >&5
configure:5423: $? = 0
configure:5426: ar cr libconftest.a @conftest.lst >&5
configure:5429: $? = 0
configure:5434: ar cr libconftest.a @conftest.lst >&5
ar: conftest.o: No such file or directory
configure:5437: $? = 1
configure:5449: result: @
configure:5507: checking for strip
configure:5523: found /usr/bin/strip
configure:5534: result: strip
configure:5606: checking for ranlib
configure:5622: found /usr/bin/ranlib
configure:5633: result: ranlib
configure:5710: checking for gawk
configure:5740: result: no
configure:5710: checking for mawk
configure:5726: found /usr/bin/mawk
configure:5737: result: mawk
configure:5777: checking command to parse /usr/bin/nm -B output from gcc object
configure:5930: g++ -c -g -O2  conftest.cpp >&5
configure:5933: $? = 0
configure:5937: /usr/bin/nm -B conftest.o | sed -n -e 's/^.*[	 ]\([ABCDGIRSTW][ABCDGIRSTW]*\)[	 ][	 ]*\([_A-Za-z][_A-Za-z0-9]*\)$/\1 \2 \2/p' | sed '/ __gnu_lto/d' > conftest.nm
configure:6003: g++ -o conftest -g -O2   conftest.cpp conftstm.o >&5
configure:6006: $? = 0
configure:6044: result: ok
configure:6091: checking for sysroot
configure:6121: result: no
configure:6128: checking for a working dd
configure:6166: result: /usr/bin/dd
configure:6170: checking how to truncate binary pipes
configure:6185: result: /usr/bin/dd bs=4096 count=1
configure:6322: g++ -c -g -O2  conftest.cpp >&5
configure:6325: $? = 0
configure:6515: checking for mt
configure:6531: found /usr/bin/mt
configure:6542: result: mt
configure:6565: checking if mt is a manifest tool
configure:6571: mt '-?'
configure:6579: result: no
configure:7256: checking how to run the C preprocessor
configure:7287: gcc -E  conftest.c
configure:7287: $? = 0
configure:7301: gcc -E  conftest.c
conftest.c:9:10: fatal error: ac_nonexistent.h: No such file or directory
    9 | #include <ac_nonexistent.h>
      |          ^~~~~~~~~~~~~~~~~~
compilation terminated.
configure:7301: $? = 1
configure: failed program was:
| /* confdefs.h */
| #define PACKAGE_NAME "Plexil"
| #define PACKAGE_TARNAME "plexil"
| #define PACKAGE_VERSION "4.6.0"
| #define PACKAGE_STRING "Plexil 4.6.0"
| #define PACKAGE_BUGREPORT "plexil-support@sourceforge.net"
| #define PACKAGE_URL "https://plexil.wiki.sourceforge.net/"
| /* end confdefs.h.  */
| #include <ac_nonexistent.h>
configure:7326: result: gcc -E
configure:7346: gcc -E  conftest.c
configure:7346: $? = 0
configure:7360: gcc -E  conftest.c
conftest.c:9:10: fatal error: ac_nonexistent.h: No such file or directory
    9 | #include <ac_nonexistent.h>
      |          ^~~~~~~~~~~~~~~~~~
compilation terminated.
configure:7360: $? = 1
configure: failed program was:
| /* confdefs.h */
| #define PACKAGE_NAME "Plexil"
| #define PACKAGE_TARNAME "plexil"
| #define PACKAGE_VERSION "4.6.0"
| #define PACKAGE_STRING "Plexil 4.6.0"
| #define PACKAGE_BUGREPORT "plexil-support@sourceforge.net"
| #define PACKAGE_URL "https://plexil.wiki.sourceforge.net/"
| /* end confdefs.h.  */
| #include <ac_nonexistent.h>
configure:7389: checking for ANSI C header files
configure:7409: gcc -c -g -O2  conftest.c >&5
configure:7409: $? = 0
configure:7482: gcc -o conftest -g -O2   conftest.c  >&5
configure:7482: $? = 0
configure:7482: ./conftest
configure:7482: $? = 0
configure:7493: result: yes
configure:7506: checking for sys/types.h
configure:7506: gcc -c -g -O2  conftest.c >&5
configure:7506: $? = 0
configure:7506: result: yes
configure:7506: checking for sys/stat.h
configure:7506: gcc -c -g -O2  conftest.c >&5
configure:7506: $? = 0
configure:7506: result: yes
configure:7506: checking for stdlib.h
configure:7506: gcc -c -g -O2  conftest.c >&5
configure:7506: $? = 0
configure:7506: result: yes
configure:7506: checking for string.h
configure:7506: gcc -c -g -O2  conftest.c >&5
configure:7506: $? = 0
configure:7506: result: yes
configure:7506: checking for memory.h
configure:7506: gcc -c -g -O2  conftest.c >&5
configure:7506: $? = 0
configure:7506: result: yes
configure:7506: checking for strings.h
configure:7506: gcc -c -g -O2  conftest.c >&5
configure:7506: $? = 0
configure:7506: result: yes
configure:7506: checking for inttypes.h
configure:7506: gcc -c -g -O2  conftest.c >&5
configure:7506: $? = 0
configure:7506: result: yes
configure:7506: checking for stdint.h
configure:7506: gcc -c -g -O2  conftest.c >&5
configure:7506: $? = 0
configure:7506: result: yes
configure:7506: checking for unistd.h
configure:7506: gcc -c -g -O2  conftest.c >&5
configure:7506: $? = 0
configure:7506: result: yes
configure:7520: checking for dlfcn.h
configure:7520: gcc -c -g -O2  conftest.c >&5
configure:7520: $? = 0
configure:7520: result: yes
configure:7786: checking for objdir
configure:7801: result: .libs
configure:8065: checking if gcc supports -fno-rtti -fno-exceptions
configure:8083: gcc -c -g -O2  -fno-rtti -fno-exceptions conftest.c >&5
cc1: warning: command-line option '-fno-rtti' is valid for C++/D/ObjC++ but not for C
configure:8087: $? = 0
configure:8100: result: no
configure:8464: checking for gcc option to produce PIC
configure:8471: result: -fPIC -DPIC
configure:8479: checking if gcc PIC flag -fPIC -DPIC works
configure:8497: gcc -c -g -O2  -fPIC -DPIC -DPIC conftest.c >&5
configure:8501: $? = 0
configure:8514: result: yes
configure:8543: checking if gcc static flag -static works
configure:8571: result: yes
configure:8586: checking if gcc supports -c -o file.o
configure:8607: gcc -c -g -O2  -o out/conftest2.o conftest.c >&5
configure:8611: $? = 0
configure:8633: result: yes
configure:8641: checking if gcc supports -c -o file.o
configure:8688: result: yes
configure:8721: checking whether the gcc linker (/usr/bin/ld -m elf_x86_64) supports shared libraries
configure:9984: result: yes
configure:10021: checking whether -lc should be explicitly linked in
configure:10029: gcc -c -g -O2  conftest.c >&5
configure:10032: $? = 0
configure:10047: gcc -shared  -fPIC -DPIC conftest.o  -v -Wl,-soname -Wl,conftest -o conftest 2\>\&1 \| /usr/bin/grep  -lc  \>/dev/null 2\>\&1
configure:10050: $? = 0
configure:10064: result: no
configure:10224: checking dynamic linker characteristics
configure:10805: gcc -o conftest -g -O2   -Wl,-rpath -Wl,/foo conftest.c  >&5
configure:10805: $? = 0
configure:11054: result: GNU/Linux ld.so
configure:11176: checking how to hardcode library paths into programs
configure:11201: result: immediate
configure:11749: checking whether stripping libraries is possible
configure:11754: result: yes
configure:11789: checking if libtool supports shared libraries
configure:11791: result: yes
configure:11794: checking whether to build shared libraries
configure:11819: result: yes
configure:11822: checking whether to build static libraries
configure:11826: result: yes
configure:11849: checking how to run the C++ preprocessor
configure:11876: g++ -E  conftest.cpp
configure:11876: $? = 0
configure:11890: g++ -E  conftest.cpp
conftest.cpp:21:10: fatal error: ac_nonexistent.h: No such file or directory
   21 | #include <ac_nonexistent.h>
      |          ^~~~~~~~~~~~~~~~~~
compilation terminated.
configure:11890: $? = 1
configure: failed program was:
| /* confdefs.h */
| #define PACKAGE_NAME "Plexil"
| #define PACKAGE_TARNAME "plexil"
| #define PACKAGE_VERSION "4.6.0"
| #define PACKAGE_STRING "Plexil 4.6.0"
| #define PACKAGE_BUGREPORT "plexil-support@sourceforge.net"
| #define PACKAGE_URL "https://plexil.wiki.sourceforge.net/"
| #define STDC_HEADERS 1
| #define HAVE_SYS_TYPES_H 1
| #define HAVE_SYS_STAT_H 1
| #define HAVE_STDLIB_H 1
| #define HAVE_STRING_H 1
| #define HAVE_MEMORY_H 1
| #define HAVE_STRINGS_H 1
| #define HAVE_INTTYPES_H 1
| #define HAVE_STDINT_H 1
| #define HAVE_UNISTD_H 1
| #define HAVE_DLFCN_H 1
| #define LT_OBJDIR ".libs/"
| /* end confdefs.h.  */
| #include <ac_nonexistent.h>
configure:11915: result: g++ -E
configure:11935: g++ -E  conftest.cpp
configure:11935: $? = 0
configure:11949: g++ -E  conftest.cpp
conftest.cpp:21:10: fatal error: ac_nonexistent.h: No such file or directory
   21 | #include <ac_nonexistent.h>
      |          ^~~~~~~~~~~~~~~~~~
compilation terminated.
configure:11949: $? = 1
configure: failed program was:
| /* confdefs.h */
| #define PACKAGE_NAME "Plexil"
| #define PACKAGE_TARNAME "plexil"
| #define PACKAGE_VERSION "4.6.0"
| #define PACKAGE_STRING "Plexil 4.6.0"
| #define PACKAGE_BUGREPORT "plexil-support@sourceforge.net"
| #define PACKAGE_URL "https://plexil.wiki.sourceforge.net/"
| #define STDC_HEADERS 1
| #define HAVE_SYS_TYPES_H 1
| #define HAVE_SYS_STAT_H 1
| #define HAVE_STDLIB_H 1
| #define HAVE_STRING_H 1
| #define HAVE_MEMORY_H 1
| #define HAVE_STRINGS_H 1
| #define HAVE_INTTYPES_H 1
| #define HAVE_STDINT_H 1
| #define HAVE_UNISTD_H 1
| #define HAVE_DLFCN_H 1
| #define LT_OBJDIR ".libs/"
| /* end confdefs.h.  */
| #include <ac_nonexistent.h>
configure:12111: checking for ld used by g++
configure:12178: result: /usr/bin/ld -m elf_x86_64
configure:12185: checking if the linker (/usr/bin/ld -m elf_x86_64) is GNU ld
configure:12200: result: yes
configure:12255: checking whether the g++ linker (/usr/bin/ld -m elf_x86_64) supports shared libraries
configure:13328: result: yes
configure:13364: g++ -c -g -O2  conftest.cpp >&5
configure:13367: $? = 0
configure:13848: checking for g++ option to produce PIC
configure:13855: result: -fPIC -DPIC
configure:13863: checking if g++ PIC flag -fPIC -DPIC works
configure:13881: g++ -c -g -O2  -fPIC -DPIC -DPIC conftest.cpp >&5
configure:13885: $? = 0
configure:13898: result: yes
configure:13921: checking if g++ static flag -static works
configure:13949: result: yes
configure:13961: checking if g++ supports -c -o file.o
configure:13982: g++ -c -g -O2  -o out/conftest2.o conftest.cpp >&5
configure:13986: $? = 0
configure:14008: result: yes
configure:14013: checking if g++ supports -c -o file.o
configure:14060: result: yes
configure:14090: checking whether the g++ linker (/usr/bin/ld -m elf_x86_64) supports shared libraries
configure:14133: result: yes
configure:14274: checking dynamic linker characteristics
configure:15031: result: GNU/Linux ld.so
configure:15096: checking how to hardcode library paths into programs
configure:15121: result: immediate
configure:15203: checking for a BSD-compatible install
configure:15271: result: /usr/bin/install -c
configure:15282: checking whether build environment is sane
configure:15337: result: yes
configure:15480: checking for a thread-safe mkdir -p
configure:15519: result: /usr/bin/mkdir -p
configure:15522: checking whether make sets $(MAKE)
configure:15544: result: yes
configure:15566: checking whether make supports the include directive
configure:15581: make -f confmf.GNU && cat confinc.out
this is the am__doit target
configure:15584: $? = 0
configure:15603: result: yes (GNU style)
configure:15636: checking whether make supports nested variables
configure:15653: result: yes
configure:15738: checking dependency style of gcc
configure:15849: result: gcc3
configure:15866: checking dependency style of g++
configure:15977: result: gcc3
configure:16065: checking whether make supports nested variables
configure:16082: result: yes
configure:16355: checking for library containing dlopen
configure:16386: g++ -o conftest -g -O2   conftest.cpp  >&5
configure:16386: $? = 0
configure:16403: result: none required
configure:16411: checking for library containing pthread_create
configure:16442: g++ -o conftest -g -O2   conftest.cpp  >&5
configure:16442: $? = 0
configure:16459: result: none required
configure:16467: checking for library containing cos
configure:16498: g++ -o conftest -g -O2   conftest.cpp  >&5
conftest.cpp:36:6: warning: declaration of 'char cos()' conflicts with built-in declaration 'double cos(double)' [-Wbuiltin-declaration-mismatch]
   36 | char cos ();
      |      ^~~
configure:16498: $? = 0
configure:16515: result: none required
configure:16524: checking for library containing inet_ntoa
configure:16555: g++ -o conftest -g -O2   conftest.cpp  >&5
configure:16555: $? = 0
configure:16572: result: none required
configure:16581: checking for library containing timer_create
configure:16612: g++ -o conftest -g -O2   conftest.cpp  >&5
configure:16612: $? = 0
configure:16629: result: none required
configure:16647: checking for cassert
configure:16647: g++ -c -g -O2  conftest.cpp >&5
configure:16647: $? = 0
configure:16647: result: yes
configure:16647: checking for cerrno
configure:16647: g++ -c -g -O2  conftest.cpp >&5
configure:16647: $? = 0
configure:16647: result: yes
configure:16647: checking for cfloat
configure:16647: g++ -c -g -O2  conftest.cpp >&5
configure:16647: $? = 0
configure:16647: result: yes
configure:16647: checking for cinttypes
configure:16647: g++ -c -g -O2  conftest.cpp >&5
configure:16647: $? = 0
configure:16647: result: yes
configure:16647: checking for climits
configure:16647: g++ -c -g -O2  conftest.cpp >&5
configure:16647: $? = 0
configure:16647: result: yes
configure:16647: checking for cmath
configure:16647: g++ -c -g -O2  conftest.cpp >&5
configure:16647: $? = 0
configure:16647: result: yes
configure:16647: checking for csignal
configure:16647: g++ -c -g -O2  conftest.cpp >&5
configure:16647: $? = 0
configure:16647: result: yes
configure:16647: checking for cstddef
configure:16647: g++ -c -g -O2  conftest.cpp >&5
configure:16647: $? = 0
configure:16647: result: yes
configure:16647: checking for cstdint
configure:16647: g++ -c -g -O2  conftest.cpp >&5
configure:16647: $? = 0
configure:16647: result: yes
configure:16647: checking for cstdio
configure:16647: g++ -c -g -O2  conftest.cpp >&5
configure:16647: $? = 0
configure:16647: result: yes
configure:16647: checking for cstdlib
configure:16647: g++ -c -g -O2  conftest.cpp >&5
configure:16647: $? = 0
configure:16647: result: yes
configure:16647: checking for cstring
configure:16647: g++ -c -g -O2  conftest.cpp >&5
configure:16647: $? = 0
configure:16647: result: yes
configure:16647: checking for ctime
configure:16647: g++ -c -g -O2  conftest.cpp >&5
configure:16647: $? = 0
configure:16647: result: yes
configure:16647: checking for assert.h
configure:16647: g++ -c -g -O2  conftest.cpp >&5
configure:16647: $? = 0
configure:16647: result: yes
configure:16647: checking for errno.h
configure:16647: g++ -c -g -O2  conftest.cpp >&5
configure:16647: $? = 0
configure:16647: result: yes
configure:16647: checking for float.h
configure:16647: g++ -c -g -O2  conftest.cpp >&5
configure:16647: $? = 0
configure:16647: result: yes
configure:16647: checking for inttypes.h
configure:16647: result: yes
configure:16647: checking for math.h
configure:16647: g++ -c -g -O2  conftest.cpp >&5
configure:16647: $? = 0
configure:16647: result: yes
configure:16647: checking for stddef.h
configure:16647: g++ -c -g -O2  conftest.cpp >&5
configure:16647: $? = 0
configure:16647: result: yes
configure:16647: checking for stdint.h
configure:16647: result: yes
configure:16647: checking for stdio.h
configure:16647: g++ -c -g -O2  conftest.cpp >&5
configure:16647: $? = 0
configure:16647: result: yes
configure:16647: checking for stdlib.h
configure:16647: result: yes
configure:16647: checking for string.h
configure:16647: result: yes
configure:16647: checking for time.h
configure:16647: g++ -c -g -O2  conftest.cpp >&5
configure:16647: $? = 0
configure:16647: result: yes
configure:16647: checking for dlfcn.h
configure:16647: result: yes
configure:16647: checking for fcntl.h
configure:16647: g++ -c -g -O2  conftest.cpp >&5
configure:16647: $? = 0
configure:16647: result: yes
configure:16647: checking for pthread.h
configure:16647: g++ -c -g -O2  conftest.cpp >&5
configure:16647: $? = 0
configure:16647: result: yes
configure:16647: checking for unistd.h
configure:16647: result: yes
configure:16647: checking for sys/stat.h
configure:16647: result: yes
configure:16647: checking for sys/time.h
configure:16647: g++ -c -g -O2  conftest.cpp >&5
configure:16647: $? = 0
configure:16647: result: yes
configure:16647: checking for netdb.h
configure:16647: g++ -c -g -O2  conftest.cpp >&5
configure:16647: $? = 0
configure:16647: result: yes
configure:16647: checking for arpa/inet.h
configure:16647: g++ -c -g -O2  conftest.cpp >&5
configure:16647: $? = 0
configure:16647: result: yes
configure:16647: checking for netinet/in.h
configure:16647: g++ -c -g -O2  conftest.cpp >&5
configure:16647: $? = 0
configure:16647: result: yes
configure:16647: checking for sys/socket.h
configure:16647: g++ -c -g -O2  conftest.cpp >&5
configure:16647: $? = 0
configure:16647: result: yes
configure:16647: checking for execinfo.h
configure:16647: g++ -c -g -O2  conftest.cpp >&5
configure:16647: $? = 0
configure:16647: result: yes
configure:16647: checking for sockLib.h
configure:16647: g++ -c -g -O2  conftest.cpp >&5
conftest.cpp:98:10: fatal error: sockLib.h: No such file or directory
   98 | #include <sockLib.h>
      |          ^~~~~~~~~~~
compilation terminated.
configure:16647: $? = 1
configure: failed program was:
| /* confdefs.h */
| #define PACKAGE_NAME "Plexil"
| #define PACKAGE_TARNAME "plexil"
| #define PACKAGE_VERSION "4.6.0"
| #define PACKAGE_STRING "Plexil 4.6.0"
| #define PACKAGE_BUGREPORT "plexil-support@sourceforge.net"
| #define PACKAGE_URL "https://plexil.wiki.sourceforge.net/"
| #define STDC_HEADERS 1
| #define HAVE_SYS_TYPES_H 1
| #define HAVE_SYS_STAT_H 1
| #define HAVE_STDLIB_H 1
| #define HAVE_STRING_H 1
| #define HAVE_MEMORY_H 1
| #define HAVE_STRINGS_H 1
| #define HAVE_INTTYPES_H 1
| #define HAVE_STDINT_H 1
| #define HAVE_UNISTD_H 1
| #define HAVE_DLFCN_H 1
| #define LT_OBJDIR ".libs/"
| #define PACKAGE "plexil"
| #define VERSION "4.6.0"
| #define HAVE_DEBUG_LISTENER 1
| #define PLEXIL_WITH_THREADS 1
| #define PLEXIL_WITH_UNIX_TIME 1
| #define HAVE_LUV_LISTENER 1
| #define HAVE_IPC_ADAPTER 1
| #define HAVE_UDP_ADAPTER 1
| #define HAVE_CASSERT 1
| #define HAVE_CERRNO 1
| #define HAVE_CFLOAT 1
| #define HAVE_CINTTYPES 1
| #define HAVE_CLIMITS 1
| #define HAVE_CMATH 1
| #define HAVE_CSIGNAL 1
| #define HAVE_CSTDDEF 1
| #define HAVE_CSTDINT 1
| #define HAVE_CSTDIO 1
| #define HAVE_CSTDLIB 1
| #define HAVE_CSTRING 1
| #define HAVE_CTIME 1
| #define HAVE_ASSERT_H 1
| #define HAVE_ERRNO_H 1
| #define HAVE_FLOAT_H 1
| #define HAVE_INTTYPES_H 1
| #define HAVE_MATH_H 1
| #define HAVE_STDDEF_H 1
| #define HAVE_STDINT_H 1
| #define HAVE_STDIO_H 1
| #define HAVE_STDLIB_H 1
| #define HAVE_STRING_H 1
| #define HAVE_TIME_H 1
| #define HAVE_DLFCN_H 1
| #define HAVE_FCNTL_H 1
| #define HAVE_PTHREAD_H 1
| #define HAVE_UNISTD_H 1
| #define HAVE_SYS_STAT_H 1
| #define HAVE_SYS_TIME_H 1
| #define HAVE_NETDB_H 1
| #define HAVE_ARPA_INET_H 1
| #define HAVE_NETINET_IN_H 1
| #define HAVE_SYS_SOCKET_H 1
| #define HAVE_EXECINFO_H 1
| /* end confdefs.h.  */
| #include <stdio.h>
| #ifdef HAVE_SYS_TYPES_H
| # include <sys/types.h>
| #endif
| #ifdef HAVE_SYS_STAT_H
| # include <sys/stat.h>
| #endif
| #ifdef STDC_HEADERS
| # include <stdlib.h>
| # include <stddef.h>
| #else
| # ifdef HAVE_STDLIB_H
| #  include <stdlib.h>
| # endif
| #endif
| #ifdef HAVE_STRING_H
| # if !defined STDC_HEADERS && defined HAVE_MEMORY_H
| #  include <memory.h>
| # endif
| # include <string.h>
| #endif
| #ifdef HAVE_STRINGS_H
| # include <strings.h>
| #endif
| #ifdef HAVE_INTTYPES_H
| # include <inttypes.h>
| #endif
| #ifdef HAVE_STDINT_H
| # include <stdint.h>
| #endif
| #ifdef HAVE_UNISTD_H
| # include <unistd.h>
| #endif
| 
| #include <sockLib.h>
configure:16647: result: no
configure:16647: checking for vxWorks.h
configure:16647: g++ -c -g -O2  conftest.cpp >&5
conftest.cpp:98:10: fatal error: vxWorks.h: No such file or directory
   98 | #include <vxWorks.h>
      |          ^~~~~~~~~~~
compilation terminated.
configure:16647: $? = 1
configure: failed program was:
| /* confdefs.h */
| #define PACKAGE_NAME "Plexil"
| #define PACKAGE_TARNAME "plexil"
| #define PACKAGE_VERSION "4.6.0"
| #define PACKAGE_STRING "Plexil 4.6.0"
| #define PACKAGE_BUGREPORT "plexil-support@sourceforge.net"
| #define PACKAGE_URL "https://plexil.wiki.sourceforge.net/"
| #define STDC_HEADERS 1
| #define HAVE_SYS_TYPES_H 1
| #define HAVE_SYS_STAT_H 1
| #define HAVE_STDLIB_H 1
| #define HAVE_STRING_H 1
| #define HAVE_MEMORY_H 1
| #define HAVE_STRINGS_H 1
| #define HAVE_INTTYPES_H 1
| #define HAVE_STDINT_H 1
| #define HAVE_UNISTD_H 1
| #define HAVE_DLFCN_H 1
| #define LT_OBJDIR ".libs/"
| #define PACKAGE "plexil"
| #define VERSION "4.6.0"
| #define HAVE_DEBUG_LISTENER 1
| #define PLEXIL_WITH_THREADS 1
| #define PLEXIL_WITH_UNIX_TIME 1
| #define HAVE_LUV_LISTENER 1
| #define HAVE_IPC_ADAPTER 1
| #define HAVE_UDP_ADAPTER 1
| #define HAVE_CASSERT 1
| #define HAVE_CERRNO 1
| #define HAVE_CFLOAT 1
| #define HAVE_CINTTYPES 1
| #define HAVE_CLIMITS 1
| #define HAVE_CMATH 1
| #define HAVE_CSIGNAL 1
| #define HAVE_CSTDDEF 1
| #define HAVE_CSTDINT 1
| #define HAVE_CSTDIO 1
| #define HAVE_CSTDLIB 1
| #define HAVE_CSTRING 1
| #define HAVE_CTIME 1
| #define HAVE_ASSERT_H 1
| #define HAVE_ERRNO_H 1
| #define HAVE_FLOAT_H 1
| #define HAVE_INTTYPES_H 1
| #define HAVE_MATH_H 1
| #define HAVE_STDDEF_H 1
| #define HAVE_STDINT_H 1
| #define HAVE_STDIO_H 1
| #define HAVE_STDLIB_H 1
| #define HAVE_STRING_H 1
| #define HAVE_TIME_H 1
| #define HAVE_DLFCN_H 1
| #define HAVE_FCNTL_H 1
| #define HAVE_PTHREAD_H 1
| #define HAVE_UNISTD_H 1
| #define HAVE_SYS_STAT_H 1
| #define HAVE_SYS_TIME_H 1
| #define HAVE_NETDB_H 1
| #define HAVE_ARPA_INET_H 1
| #define HAVE_NETINET_IN_H 1
| #define HAVE_SYS_SOCKET_H 1
| #define HAVE_EXECINFO_H 1
| /* end confdefs.h.  */
| #include <stdio.h>
| #ifdef HAVE_SYS_TYPES_H
| # include <sys/types.h>
| #endif
| #ifdef HAVE_SYS_STAT_H
| # include <sys/stat.h>
| #endif
| #ifdef STDC_HEADERS
| # include <stdlib.h>
| # include <stddef.h>
| #else
| # ifdef HAVE_STDLIB_H
| #  include <stdlib.h>
| # endif
| #endif
| #ifdef HAVE_STRING_H
| # if !defined STDC_HEADERS && defined HAVE_MEMORY_H
| #  include <memory.h>
| # endif
| # include <string.h>
| #endif
| #ifdef HAVE_STRINGS_H
| # include <strings.h>
| #endif
| #ifdef HAVE_INTTYPES_H
| # include <inttypes.h>
| #endif
| #ifdef HAVE_STDINT_H
| # include <stdint.h>
| #endif
| #ifdef HAVE_UNISTD_H
| # include <unistd.h>
| #endif
| 
| #include <vxWorks.h>
configure:16647: result: no
configure:16647: checking for sys/times.h
configure:16647: g++ -c -g -O2  conftest.cpp >&5
configure:16647: $? = 0
configure:16647: result: yes
configure:16764: g++ -c -g -O2  conftest.cpp >&5
conftest.cpp: In function 'int main()':
conftest.cpp:69:8: error: 'argc' was not declared in this scope
   69 | return argc < INT8_MAX;
      |        ^~~~
configure:16764: $? = 1
configure: failed program was:
| /* confdefs.h */
| #define PACKAGE_NAME "Plexil"
| #define PACKAGE_TARNAME "plexil"
| #define PACKAGE_VERSION "4.6.0"
| #define PACKAGE_STRING "Plexil 4.6.0"
| #define PACKAGE_BUGREPORT "plexil-support@sourceforge.net"
| #define PACKAGE_URL "https://plexil.wiki.sourceforge.net/"
| #define STDC_HEADERS 1
| #define HAVE_SYS_TYPES_H 1
| #define HAVE_SYS_STAT_H 1
| #define HAVE_STDLIB_H 1
| #define HAVE_STRING_H 1
| #define HAVE_MEMORY_H 1
| #define HAVE_STRINGS_H 1
| #define HAVE_INTTYPES_H 1
| #define HAVE_STDINT_H 1
| #define HAVE_UNISTD_H 1
| #define HAVE_DLFCN_H 1
| #define LT_OBJDIR ".libs/"
| #define PACKAGE "plexil"
| #define VERSION "4.6.0"
| #define HAVE_DEBUG_LISTENER 1
| #define PLEXIL_WITH_THREADS 1
| #define PLEXIL_WITH_UNIX_TIME 1
| #define HAVE_LUV_LISTENER 1
| #define HAVE_IPC_ADAPTER 1
| #define HAVE_UDP_ADAPTER 1
| #define HAVE_CASSERT 1
| #define HAVE_CERRNO 1
| #define HAVE_CFLOAT 1
| #define HAVE_CINTTYPES 1
| #define HAVE_CLIMITS 1
| #define HAVE_CMATH 1
| #define HAVE_CSIGNAL 1
| #define HAVE_CSTDDEF 1
| #define HAVE_CSTDINT 1
| #define HAVE_CSTDIO 1
| #define HAVE_CSTDLIB 1
| #define HAVE_CSTRING 1
| #define HAVE_CTIME 1
| #define HAVE_ASSERT_H 1
| #define HAVE_ERRNO_H 1
| #define HAVE_FLOAT_H 1
| #define HAVE_INTTYPES_H 1
| #define HAVE_MATH_H 1
| #define HAVE_STDDEF_H 1
| #define HAVE_STDINT_H 1
| #define HAVE_STDIO_H 1
| #define HAVE_STDLIB_H 1
| #define HAVE_STRING_H 1
| #define HAVE_TIME_H 1
| #define HAVE_DLFCN_H 1
| #define HAVE_FCNTL_H 1
| #define HAVE_PTHREAD_H 1
| #define HAVE_UNISTD_H 1
| #define HAVE_SYS_STAT_H 1
| #define HAVE_SYS_TIME_H 1
| #define HAVE_NETDB_H 1
| #define HAVE_ARPA_INET_H 1
| #define HAVE_NETINET_IN_H 1
| #define HAVE_SYS_SOCKET_H 1
| #define HAVE_EXECINFO_H 1
| #define HAVE_SYS_TIMES_H 1
| /* end confdefs.h.  */
| #include <stdint.h>
| int
| main ()
| {
| return argc < INT8_MAX;
|   ;
|   return 0;
| }
configure:16784: g++ -c -g -O2  conftest.cpp >&5
configure:16784: $? = 0
configure:16792: checking for an ANSI C-conforming const
configure:16858: g++ -c -g -O2  conftest.cpp >&5
configure:16858: $? = 0
configure:16865: result: yes
configure:16873: checking for inline
configure:16889: g++ -c -g -O2  conftest.cpp >&5
configure:16889: $? = 0
configure:16897: result: inline
configure:16921: checking for getitimer
configure:16921: g++ -o conftest -g -O2   conftest.cpp  >&5
configure:16921: $? = 0
configure:16921: result: yes
configure:16921: checking for gettimeofday
configure:16921: g++ -o conftest -g -O2   conftest.cpp  >&5
configure:16921: $? = 0
configure:16921: result: yes
configure:16921: checking for setitimer
configure:16921: g++ -o conftest -g -O2   conftest.cpp  >&5
configure:16921: $? = 0
configure:16921: result: yes
configure:16934: checking for clock_gettime
configure:16934: g++ -o conftest -g -O2   conftest.cpp  >&5
configure:16934: $? = 0
configure:16934: result: yes
configure:16934: checking for ctime_r
configure:16934: g++ -o conftest -g -O2   conftest.cpp  >&5
configure:16934: $? = 0
configure:16934: result: yes
configure:16934: checking for timer_create
configure:16934: g++ -o conftest -g -O2   conftest.cpp  >&5
configure:16934: $? = 0
configure:16934: result: yes
configure:16934: checking for timer_delete
configure:16934: g++ -o conftest -g -O2   conftest.cpp  >&5
configure:16934: $? = 0
configure:16934: result: yes
configure:16945: checking for suseconds_t
configure:16945: g++ -c -g -O2  conftest.cpp >&5
configure:16945: $? = 0
configure:16945: g++ -c -g -O2  conftest.cpp >&5
conftest.cpp: In function 'int main()':
conftest.cpp:109:25: error: expected primary-expression before ')' token
  109 | if (sizeof ((suseconds_t)))
      |                         ^
configure:16945: $? = 1
configure: failed program was:
| /* confdefs.h */
| #define PACKAGE_NAME "Plexil"
| #define PACKAGE_TARNAME "plexil"
| #define PACKAGE_VERSION "4.6.0"
| #define PACKAGE_STRING "Plexil 4.6.0"
| #define PACKAGE_BUGREPORT "plexil-support@sourceforge.net"
| #define PACKAGE_URL "https://plexil.wiki.sourceforge.net/"
| #define STDC_HEADERS 1
| #define HAVE_SYS_TYPES_H 1
| #define HAVE_SYS_STAT_H 1
| #define HAVE_STDLIB_H 1
| #define HAVE_STRING_H 1
| #define HAVE_MEMORY_H 1
| #define HAVE_STRINGS_H 1
| #define HAVE_INTTYPES_H 1
| #define HAVE_STDINT_H 1
| #define HAVE_UNISTD_H 1
| #define HAVE_DLFCN_H 1
| #define LT_OBJDIR ".libs/"
| #define PACKAGE "plexil"
| #define VERSION "4.6.0"
| #define HAVE_DEBUG_LISTENER 1
| #define PLEXIL_WITH_THREADS 1
| #define PLEXIL_WITH_UNIX_TIME 1
| #define HAVE_LUV_LISTENER 1
| #define HAVE_IPC_ADAPTER 1
| #define HAVE_UDP_ADAPTER 1
| #define HAVE_CASSERT 1
| #define HAVE_CERRNO 1
| #define HAVE_CFLOAT 1
| #define HAVE_CINTTYPES 1
| #define HAVE_CLIMITS 1
| #define HAVE_CMATH 1
| #define HAVE_CSIGNAL 1
| #define HAVE_CSTDDEF 1
| #define HAVE_CSTDINT 1
| #define HAVE_CSTDIO 1
| #define HAVE_CSTDLIB 1
| #define HAVE_CSTRING 1
| #define HAVE_CTIME 1
| #define HAVE_ASSERT_H 1
| #define HAVE_ERRNO_H 1
| #define HAVE_FLOAT_H 1
| #define HAVE_INTTYPES_H 1
| #define HAVE_MATH_H 1
| #define HAVE_STDDEF_H 1
| #define HAVE_STDINT_H 1
| #define HAVE_STDIO_H 1
| #define HAVE_STDLIB_H 1
| #define HAVE_STRING_H 1
| #define HAVE_TIME_H 1
| #define HAVE_DLFCN_H 1
| #define HAVE_FCNTL_H 1
| #define HAVE_PTHREAD_H 1
| #define HAVE_UNISTD_H 1
| #define HAVE_SYS_STAT_H 1
| #define HAVE_SYS_TIME_H 1
| #define HAVE_NETDB_H 1
| #define HAVE_ARPA_INET_H 1
| #define HAVE_NETINET_IN_H 1
| #define HAVE_SYS_SOCKET_H 1
| #define HAVE_EXECINFO_H 1
| #define HAVE_SYS_TIMES_H 1
| #define HAVE_GOOD_INTTYPES_H 1
| #define HAVE_GETITIMER 1
| #define HAVE_GETTIMEOFDAY 1
| #define HAVE_SETITIMER 1
| #define HAVE_CLOCK_GETTIME 1
| #define HAVE_CTIME_R 1
| #define HAVE_TIMER_CREATE 1
| #define HAVE_TIMER_DELETE 1
| /* end confdefs.h.  */
| #include <stdio.h>
| #ifdef HAVE_SYS_TYPES_H
| # include <sys/types.h>
| #endif
| #ifdef HAVE_SYS_STAT_H
| # include <sys/stat.h>
| #endif
| #ifdef STDC_HEADERS
| # include <stdlib.h>
| # include <stddef.h>
| #else
| # ifdef HAVE_STDLIB_H
| #  include <stdlib.h>
| # endif
| #endif
| #ifdef HAVE_STRING_H
| # if !defined STDC_HEADERS && defined HAVE_MEMORY_H
| #  include <memory.h>
| # endif
| # include <string.h>
| #endif
| #ifdef HAVE_STRINGS_H
| # include <strings.h>
| #endif
| #ifdef HAVE_INTTYPES_H
| # include <inttypes.h>
| #endif
| #ifdef HAVE_STDINT_H
| # include <stdint.h>
| #endif
| #ifdef HAVE_UNISTD_H
| # include <unistd.h>
| #endif
| int
| main ()
| {
| if (sizeof ((suseconds_t)))
| 	    return 0;
|   ;
|   return 0;
| }
configure:16945: result: yes
configure:16960: checking for getpid
configure:16960: g++ -o conftest -g -O2   conftest.cpp  >&5
configure:16960: $? = 0
configure:16960: result: yes
configure:16960: checking for isatty
configure:16960: g++ -o conftest -g -O2   conftest.cpp  >&5
configure:16960: $? = 0
configure:16960: result: yes
configure:16978: checking for ceil
configure:16978: g++ -o conftest -g -O2   conftest.cpp  >&5
conftest.cpp:99:6: warning: declaration of 'char ceil()' conflicts with built-in declaration 'double ceil(double)' [-Wbuiltin-declaration-mismatch]
   99 | char ceil ();
      |      ^~~~
configure:16978: $? = 0
configure:16978: result: yes
configure:16978: checking for floor
configure:16978: g++ -o conftest -g -O2   conftest.cpp  >&5
conftest.cpp:100:6: warning: declaration of 'char floor()' conflicts with built-in declaration 'double floor(double)' [-Wbuiltin-declaration-mismatch]
  100 | char floor ();
      |      ^~~~~
configure:16978: $? = 0
configure:16978: result: yes
configure:16978: checking for round
configure:16978: g++ -o conftest -g -O2   conftest.cpp  >&5
conftest.cpp:101:6: warning: declaration of 'char round()' conflicts with built-in declaration 'double round(double)' [-Wbuiltin-declaration-mismatch]
  101 | char round ();
      |      ^~~~~
configure:16978: $? = 0
configure:16978: result: yes
configure:16978: checking for sqrt
configure:16978: g++ -o conftest -g -O2   conftest.cpp  >&5
conftest.cpp:102:6: warning: declaration of 'char sqrt()' conflicts with built-in declaration 'double sqrt(double)' [-Wbuiltin-declaration-mismatch]
  102 | char sqrt ();
      |      ^~~~
configure:16978: $? = 0
configure:16978: result: yes
configure:16978: checking for trunc
configure:16978: g++ -o conftest -g -O2   conftest.cpp  >&5
conftest.cpp:103:6: warning: declaration of 'char trunc()' conflicts with built-in declaration 'double trunc(double)' [-Wbuiltin-declaration-mismatch]
  103 | char trunc ();
      |      ^~~~~
configure:16978: $? = 0
configure:16978: result: yes
configure:16992: checking for gethostbyname
configure:16992: g++ -o conftest -g -O2   conftest.cpp  >&5
configure:16992: $? = 0
configure:16992: result: yes
configure:17060: checking for pthread_mutexattr_settype
configure:17060: g++ -o conftest -g -O2   conftest.cpp  >&5
configure:17060: $? = 0
configure:17060: result: yes
configure:17263: checking that generated files are newer than configure
configure:17269: result: done
configure:17356: creating ./config.status

## ---------------------- ##
## Running config.status. ##
## ---------------------- ##

This file was extended by Plexil config.status 4.6.0, which was
generated by GNU Autoconf 2.69.  Invocation command line was

  CONFIG_FILES    = 
  CONFIG_HEADERS  = 
  CONFIG_LINKS    = 
  CONFIG_COMMANDS = 
  $ ./config.status 

on pop-os

config.status:1264: creating configure.env
config.status:1264: creating Makefile
config.status:1264: creating utils/Makefile
config.status:1264: creating value/Makefile
config.status:1264: creating expr/Makefile
config.status:1264: creating intfc/Makefile
config.status:1264: creating exec/Makefile
config.status:1264: creating third-party/pugixml/src/Makefile
config.status:1264: creating xml-parser/Makefile
config.status:1264: creating app-framework/Makefile
config.status:1264: creating interfaces/PlanDebugListener/Makefile
config.status:1264: creating interfaces/Sockets/Makefile
config.status:1264: creating interfaces/LuvListener/Makefile
config.status:1264: creating universal-exec/Makefile
config.status:1264: creating apps/TestExec/Makefile
config.status:1264: creating third-party/ipc/Makefile
config.status:1264: creating interfaces/IpcAdapter/Makefile
config.status:1264: creating interfaces/IpcUtils/Makefile
config.status:1264: creating apps/StandAloneSimulator/Makefile
config.status:1264: creating interfaces/UdpAdapter/Makefile
config.status:1264: creating plexil-config.h
config.status:1493: executing libtool commands
config.status:1493: executing depfiles commands
config.status:2279: cd utils       && sed -e '/# am--include-marker/d' Makefile         | make -f - am--depfiles
config.status:2284: $? = 0
config.status:2279: cd value       && sed -e '/# am--include-marker/d' Makefile         | make -f - am--depfiles
config.status:2284: $? = 0
config.status:2279: cd expr       && sed -e '/# am--include-marker/d' Makefile         | make -f - am--depfiles
config.status:2284: $? = 0
config.status:2279: cd intfc       && sed -e '/# am--include-marker/d' Makefile         | make -f - am--depfiles
config.status:2284: $? = 0
config.status:2279: cd exec       && sed -e '/# am--include-marker/d' Makefile         | make -f - am--depfiles
config.status:2284: $? = 0
config.status:2279: cd third-party/pugixml/src       && sed -e '/# am--include-marker/d' Makefile         | make -f - am--depfiles
config.status:2284: $? = 0
config.status:2279: cd xml-parser       && sed -e '/# am--include-marker/d' Makefile         | make -f - am--depfiles
config.status:2284: $? = 0
config.status:2279: cd app-framework       && sed -e '/# am--include-marker/d' Makefile         | make -f - am--depfiles
config.status:2284: $? = 0
config.status:2279: cd interfaces/PlanDebugListener       && sed -e '/# am--include-marker/d' Makefile         | make -f - am--depfiles
config.status:2284: $? = 0
config.status:2279: cd interfaces/Sockets       && sed -e '/# am--include-marker/d' Makefile         | make -f - am--depfiles
config.status:2284: $? = 0
config.status:2279: cd interfaces/LuvListener       && sed -e '/# am--include-marker/d' Makefile         | make -f - am--depfiles
config.status:2284: $? = 0
config.status:2279: cd universal-exec       && sed -e '/# am--include-marker/d' Makefile         | make -f - am--depfiles
config.status:2284: $? = 0
config.status:2279: cd apps/TestExec       && sed -e '/# am--include-marker/d' Makefile         | make -f - am--depfiles
config.status:2284: $? = 0
config.status:2279: cd interfaces/IpcAdapter       && sed -e '/# am--include-marker/d' Makefile         | make -f - am--depfiles
config.status:2284: $? = 0
config.status:2279: cd interfaces/IpcUtils       && sed -e '/# am--include-marker/d' Makefile         | make -f - am--depfiles
config.status:2284: $? = 0
config.status:2279: cd apps/StandAloneSimulator       && sed -e '/# am--include-marker/d' Makefile         | make -f - am--depfiles
config.status:2284: $? = 0
config.status:2279: cd interfaces/UdpAdapter       && sed -e '/# am--include-marker/d' Makefile         | make -f - am--depfiles
config.status:2284: $? = 0

## ---------------- ##
## Cache variables. ##
## ---------------- ##

ac_cv_build=x86_64-pc-linux-gnu
ac_cv_c_compiler_gnu=yes
ac_cv_c_const=yes
ac_cv_c_inline=inline
ac_cv_cxx_compiler_gnu=yes
ac_cv_env_CCC_set=
ac_cv_env_CCC_value=
ac_cv_env_CC_set=
ac_cv_env_CC_value=
ac_cv_env_CFLAGS_set=
ac_cv_env_CFLAGS_value=
ac_cv_env_CPPFLAGS_set=
ac_cv_env_CPPFLAGS_value=
ac_cv_env_CPP_set=
ac_cv_env_CPP_value=
ac_cv_env_CXXCPP_set=
ac_cv_env_CXXCPP_value=
ac_cv_env_CXXFLAGS_set=
ac_cv_env_CXXFLAGS_value=
ac_cv_env_CXX_set=
ac_cv_env_CXX_value=
ac_cv_env_LDFLAGS_set=
ac_cv_env_LDFLAGS_value=
ac_cv_env_LIBS_set=
ac_cv_env_LIBS_value=
ac_cv_env_LT_SYS_LIBRARY_PATH_set=
ac_cv_env_LT_SYS_LIBRARY_PATH_value=
ac_cv_env_build_alias_set=
ac_cv_env_build_alias_value=
ac_cv_env_host_alias_set=
ac_cv_env_host_alias_value=
ac_cv_env_target_alias_set=
ac_cv_env_target_alias_value=
ac_cv_func_ceil=yes
ac_cv_func_clock_gettime=yes
ac_cv_func_ctime_r=yes
ac_cv_func_floor=yes
ac_cv_func_gethostbyname=yes
ac_cv_func_getitimer=yes
ac_cv_func_getpid=yes
ac_cv_func_gettimeofday=yes
ac_cv_func_isatty=yes
ac_cv_func_pthread_mutexattr_settype=yes
ac_cv_func_round=yes
ac_cv_func_setitimer=yes
ac_cv_func_sqrt=yes
ac_cv_func_timer_create=yes
ac_cv_func_timer_delete=yes
ac_cv_func_trunc=yes
ac_cv_header_arpa_inet_h=yes
ac_cv_header_assert_h=yes
ac_cv_header_cassert=yes
ac_cv_header_cerrno=yes
ac_cv_header_cfloat=yes
ac_cv_header_cinttypes=yes
ac_cv_header_climits=yes
ac_cv_header_cmath=yes
ac_cv_header_csignal=yes
ac_cv_header_cstddef=yes
ac_cv_header_cstdint=yes
ac_cv_header_cstdio=yes
ac_cv_header_cstdlib=yes
ac_cv_header_cstring=yes
ac_cv_header_ctime=yes
ac_cv_header_dlfcn_h=yes
ac_cv_header_errno_h=yes
ac_cv_header_execinfo_h=yes
ac_cv_header_fcntl_h=yes
ac_cv_header_float_h=yes
ac_cv_header_inttypes_h=yes
ac_cv_header_math_h=yes
ac_cv_header_memory_h=yes
ac_cv_header_netdb_h=yes
ac_cv_header_netinet_in_h=yes
ac_cv_header_pthread_h=yes
ac_cv_header_sockLib_h=no
ac_cv_header_stdc=yes
ac_cv_header_stddef_h=yes
ac_cv_header_stdint_h=yes
ac_cv_header_stdio_h=yes
ac_cv_header_stdlib_h=yes
ac_cv_header_string_h=yes
ac_cv_header_strings_h=yes
ac_cv_header_sys_socket_h=yes
ac_cv_header_sys_stat_h=yes
ac_cv_header_sys_time_h=yes
ac_cv_header_sys_times_h=yes
ac_cv_header_sys_types_h=yes
ac_cv_header_time_h=yes
ac_cv_header_unistd_h=yes
ac_cv_header_vxWorks_h=no
ac_cv_host=x86_64-pc-linux-gnu
ac_cv_objext=o
ac_cv_path_EGREP='/usr/bin/grep -E'
ac_cv_path_FGREP='/usr/bin/grep -F'
ac_cv_path_GPERF=/usr/bin/gperf
ac_cv_path_GREP=/usr/bin/grep
ac_cv_path_SED=/usr/bin/sed
ac_cv_path_install='/usr/bin/install -c'
ac_cv_path_lt_DD=/usr/bin/dd
ac_cv_path_mkdir=/usr/bin/mkdir
ac_cv_prog_AWK=mawk
ac_cv_prog_CPP='gcc -E'
ac_cv_prog_CXXCPP='g++ -E'
ac_cv_prog_ac_ct_AR=ar
ac_cv_prog_ac_ct_CC=gcc
ac_cv_prog_ac_ct_CXX=g++
ac_cv_prog_ac_ct_MANIFEST_TOOL=mt
ac_cv_prog_ac_ct_OBJDUMP=objdump
ac_cv_prog_ac_ct_RANLIB=ranlib
ac_cv_prog_ac_ct_STRIP=strip
ac_cv_prog_cc_c89=
ac_cv_prog_cc_g=yes
ac_cv_prog_cxx_g=yes
ac_cv_prog_make_make_set=yes
ac_cv_search_cos='none required'
ac_cv_search_dlopen='none required'
ac_cv_search_inet_ntoa='none required'
ac_cv_search_pthread_create='none required'
ac_cv_search_timer_create='none required'
ac_cv_type_suseconds_t=yes
am_cv_CC_dependencies_compiler_type=gcc3
am_cv_CXX_dependencies_compiler_type=gcc3
am_cv_make_support_nested_variables=yes
am_cv_prog_cc_c_o=yes
lt_cv_ar_at_file=@
lt_cv_archive_cmds_need_lc=no
lt_cv_deplibs_check_method=pass_all
lt_cv_file_magic_cmd='$MAGIC_CMD'
lt_cv_file_magic_test_file=
lt_cv_ld_reload_flag=-r
lt_cv_nm_interface='BSD nm'
lt_cv_objdir=.libs
lt_cv_path_LD=/usr/bin/ld
lt_cv_path_LDCXX='/usr/bin/ld -m elf_x86_64'
lt_cv_path_NM='/usr/bin/nm -B'
lt_cv_path_mainfest_tool=no
lt_cv_prog_compiler_c_o=yes
lt_cv_prog_compiler_c_o_CXX=yes
lt_cv_prog_compiler_pic='-fPIC -DPIC'
lt_cv_prog_compiler_pic_CXX='-fPIC -DPIC'
lt_cv_prog_compiler_pic_works=yes
lt_cv_prog_compiler_pic_works_CXX=yes
lt_cv_prog_compiler_rtti_exceptions=no
lt_cv_prog_compiler_static_works=yes
lt_cv_prog_compiler_static_works_CXX=yes
lt_cv_prog_gnu_ld=yes
lt_cv_prog_gnu_ldcxx=yes
lt_cv_sharedlib_from_linklib_cmd='printf %s\n'
lt_cv_shlibpath_overrides_runpath=yes
lt_cv_sys_global_symbol_pipe='sed -n -e '\''s/^.*[	 ]\([ABCDGIRSTW][ABCDGIRSTW]*\)[	 ][	 ]*\([_A-Za-z][_A-Za-z0-9]*\)$/\1 \2 \2/p'\'' | sed '\''/ __gnu_lto/d'\'''
lt_cv_sys_global_symbol_to_c_name_address='sed -n -e '\''s/^: \(.*\) .*$/  {"\1", (void *) 0},/p'\'' -e '\''s/^[ABCDGIRSTW][ABCDGIRSTW]* .* \(.*\)$/  {"\1", (void *) \&\1},/p'\'''
lt_cv_sys_global_symbol_to_c_name_address_lib_prefix='sed -n -e '\''s/^: \(.*\) .*$/  {"\1", (void *) 0},/p'\'' -e '\''s/^[ABCDGIRSTW][ABCDGIRSTW]* .* \(lib.*\)$/  {"\1", (void *) \&\1},/p'\'' -e '\''s/^[ABCDGIRSTW][ABCDGIRSTW]* .* \(.*\)$/  {"lib\1", (void *) \&\1},/p'\'''
lt_cv_sys_global_symbol_to_cdecl='sed -n -e '\''s/^T .* \(.*\)$/extern int \1();/p'\'' -e '\''s/^[ABCDGIRSTW][ABCDGIRSTW]* .* \(.*\)$/extern char \1;/p'\'''
lt_cv_sys_global_symbol_to_import=
lt_cv_sys_max_cmd_len=1572864
lt_cv_to_host_file_cmd=func_convert_file_noop
lt_cv_to_tool_file_cmd=func_convert_file_noop
lt_cv_truncate_bin='/usr/bin/dd bs=4096 count=1'

## ----------------- ##
## Output variables. ##
## ----------------- ##

ACLOCAL='${SHELL} '\''/home/jorgemoreno/Documents/plexil/src/missing'\'' aclocal-1.16'
AMDEPBACKSLASH='\'
AMDEP_FALSE='#'
AMDEP_TRUE=''
AMTAR='$${TAR-tar}'
AM_BACKSLASH='\'
AM_DEFAULT_V='$(AM_DEFAULT_VERBOSITY)'
AM_DEFAULT_VERBOSITY='0'
AM_V='$(V)'
AR='ar'
AUTOCONF='${SHELL} '\''/home/jorgemoreno/Documents/plexil/src/missing'\'' autoconf'
AUTOHEADER='${SHELL} '\''/home/jorgemoreno/Documents/plexil/src/missing'\'' autoheader'
AUTOMAKE='${SHELL} '\''/home/jorgemoreno/Documents/plexil/src/missing'\'' automake-1.16'
AWK='mawk'
CC='gcc'
CCDEPMODE='depmode=gcc3'
CFLAGS='-g -O2'
CPP='gcc -E'
CPPFLAGS=''
CSCOPE='cscope'
CTAGS='ctags'
CXX='g++'
CXXCPP='g++ -E'
CXXDEPMODE='depmode=gcc3'
CXXFLAGS='-g -O2'
CYGPATH_W='echo'
DEBUG_LISTENER_OPT_FALSE='#'
DEBUG_LISTENER_OPT_TRUE=''
DEBUG_LOGGING_OPT_FALSE='#'
DEBUG_LOGGING_OPT_TRUE=''
DEFS='-DHAVE_CONFIG_H'
DEPDIR='.deps'
DLLTOOL='false'
DSYMUTIL=''
DUMPBIN=''
ECHO_C=''
ECHO_N='-n'
ECHO_T=''
EGREP='/usr/bin/grep -E'
ETAGS='etags'
EXEEXT=''
FGREP='/usr/bin/grep -F'
GANTT_OPT_FALSE=''
GANTT_OPT_TRUE='#'
GPERF='/usr/bin/gperf'
GREP='/usr/bin/grep'
INSTALL_DATA='${INSTALL} -m 644'
INSTALL_PROGRAM='${INSTALL}'
INSTALL_SCRIPT='${INSTALL}'
INSTALL_STRIP_PROGRAM='$(install_sh) -c -s'
IPC_OPT_FALSE='#'
IPC_OPT_TRUE=''
JAVA_HOME=''
JNI_OPT_FALSE=''
JNI_OPT_TRUE='#'
LD='/usr/bin/ld -m elf_x86_64'
LDFLAGS=''
LIBOBJS=''
LIBS=''
LIBTOOL='$(SHELL) $(top_builddir)/libtool'
LIBTOOL_DEPS='./ltmain.sh'
LIPO=''
LN_S='ln -s'
LTLIBOBJS=''
LT_SYS_LIBRARY_PATH=''
MAKEINFO='${SHELL} '\''/home/jorgemoreno/Documents/plexil/src/missing'\'' makeinfo'
MANIFEST_TOOL=':'
MKDIR_P='/usr/bin/mkdir -p'
MODULE_TESTS_OPT_FALSE='#'
MODULE_TESTS_OPT_TRUE=''
NM='/usr/bin/nm -B'
NMEDIT=''
OBJDUMP='objdump'
OBJEXT='o'
OTOOL64=''
OTOOL=''
PACKAGE='plexil'
PACKAGE_BUGREPORT='plexil-support@sourceforge.net'
PACKAGE_NAME='Plexil'
PACKAGE_STRING='Plexil 4.6.0'
PACKAGE_TARNAME='plexil'
PACKAGE_URL='https://plexil.wiki.sourceforge.net/'
PACKAGE_VERSION='4.6.0'
PATH_SEPARATOR=':'
RANLIB='ranlib'
SAS_OPT_FALSE='#'
SAS_OPT_TRUE=''
SED='/usr/bin/sed'
SET_MAKE=''
SHARED_LIB_OPT_FALSE='#'
SHARED_LIB_OPT_TRUE=''
SHELL='/bin/bash'
STATIC_LIB_OPT_FALSE='#'
STATIC_LIB_OPT_TRUE=''
STRIP='strip'
TEST_EXEC_OPT_FALSE='#'
TEST_EXEC_OPT_TRUE=''
THREADS_OPT_FALSE='#'
THREADS_OPT_TRUE=''
UDP_OPT_FALSE='#'
UDP_OPT_TRUE=''
UNIVERSAL_EXEC_OPT_FALSE='#'
UNIVERSAL_EXEC_OPT_TRUE=''
UNIX_TIME_OPT_FALSE='#'
UNIX_TIME_OPT_TRUE=''
VERSION='4.6.0'
VIEWER_OPT_FALSE='#'
VIEWER_OPT_TRUE=''
ac_ct_AR='ar'
ac_ct_CC='gcc'
ac_ct_CXX='g++'
ac_ct_DUMPBIN=''
am__EXEEXT_FALSE=''
am__EXEEXT_TRUE='#'
am__fastdepCC_FALSE='#'
am__fastdepCC_TRUE=''
am__fastdepCXX_FALSE='#'
am__fastdepCXX_TRUE=''
am__include='include'
am__isrc=''
am__leading_dot='.'
am__nodep='_no'
am__quote=''
am__tar='$${TAR-tar} chof - "$$tardir"'
am__untar='$${TAR-tar} xf -'
bindir='${exec_prefix}/bin'
build='x86_64-pc-linux-gnu'
build_alias=''
build_cpu='x86_64'
build_os='linux-gnu'
build_vendor='pc'
datadir='${datarootdir}'
datarootdir='${prefix}/share'
docdir='${datarootdir}/doc/${PACKAGE_TARNAME}'
dvidir='${docdir}'
exec_prefix='${prefix}'
host='x86_64-pc-linux-gnu'
host_alias=''
host_cpu='x86_64'
host_os='linux-gnu'
host_vendor='pc'
htmldir='${docdir}'
includedir='${prefix}/include'
infodir='${datarootdir}/info'
install_sh='${SHELL} /home/jorgemoreno/Documents/plexil/src/install-sh'
libdir='${exec_prefix}/lib'
libexecdir='${exec_prefix}/libexec'
localedir='${datarootdir}/locale'
localstatedir='${prefix}/var'
mandir='${datarootdir}/man'
mkdir_p='$(MKDIR_P)'
oldincludedir='/usr/include'
pdfdir='${docdir}'
prefix='/home/jorgemoreno/Documents/plexil'
program_transform_name='s,x,x,'
psdir='${docdir}'
runstatedir='${localstatedir}/run'
sbindir='${exec_prefix}/sbin'
sharedstatedir='${prefix}/com'
sysconfdir='${prefix}/etc'
target_alias=''

## ----------- ##
## confdefs.h. ##
## ----------- ##

/* confdefs.h */
#define PACKAGE_NAME "Plexil"
#define PACKAGE_TARNAME "plexil"
#define PACKAGE_VERSION "4.6.0"
#define PACKAGE_STRING "Plexil 4.6.0"
#define PACKAGE_BUGREPORT "plexil-support@sourceforge.net"
#define PACKAGE_URL "https://plexil.wiki.sourceforge.net/"
#define STDC_HEADERS 1
#define HAVE_SYS_TYPES_H 1
#define HAVE_SYS_STAT_H 1
#define HAVE_STDLIB_H 1
#define HAVE_STRING_H 1
#define HAVE_MEMORY_H 1
#define HAVE_STRINGS_H 1
#define HAVE_INTTYPES_H 1
#define HAVE_STDINT_H 1
#define HAVE_UNISTD_H 1
#define HAVE_DLFCN_H 1
#define LT_OBJDIR ".libs/"
#define PACKAGE "plexil"
#define VERSION "4.6.0"
#define HAVE_DEBUG_LISTENER 1
#define PLEXIL_WITH_THREADS 1
#define PLEXIL_WITH_UNIX_TIME 1
#define HAVE_LUV_LISTENER 1
#define HAVE_IPC_ADAPTER 1
#define HAVE_UDP_ADAPTER 1
#define HAVE_CASSERT 1
#define HAVE_CERRNO 1
#define HAVE_CFLOAT 1
#define HAVE_CINTTYPES 1
#define HAVE_CLIMITS 1
#define HAVE_CMATH 1
#define HAVE_CSIGNAL 1
#define HAVE_CSTDDEF 1
#define HAVE_CSTDINT 1
#define HAVE_CSTDIO 1
#define HAVE_CSTDLIB 1
#define HAVE_CSTRING 1
#define HAVE_CTIME 1
#define HAVE_ASSERT_H 1
#define HAVE_ERRNO_H 1
#define HAVE_FLOAT_H 1
#define HAVE_INTTYPES_H 1
#define HAVE_MATH_H 1
#define HAVE_STDDEF_H 1
#define HAVE_STDINT_H 1
#define HAVE_STDIO_H 1
#define HAVE_STDLIB_H 1
#define HAVE_STRING_H 1
#define HAVE_TIME_H 1
#define HAVE_DLFCN_H 1
#define HAVE_FCNTL_H 1
#define HAVE_PTHREAD_H 1
#define HAVE_UNISTD_H 1
#define HAVE_SYS_STAT_H 1
#define HAVE_SYS_TIME_H 1
#define HAVE_NETDB_H 1
#define HAVE_ARPA_INET_H 1
#define HAVE_NETINET_IN_H 1
#define HAVE_SYS_SOCKET_H 1
#define HAVE_EXECINFO_H 1
#define HAVE_SYS_TIMES_H 1
#define HAVE_GOOD_INTTYPES_H 1
#define HAVE_GETITIMER 1
#define HAVE_GETTIMEOFDAY 1
#define HAVE_SETITIMER 1
#define HAVE_CLOCK_GETTIME 1
#define HAVE_CTIME_R 1
#define HAVE_TIMER_CREATE 1
#define HAVE_TIMER_DELETE 1
#define HAVE_SUSECONDS_T 1
#define HAVE_GETPID 1
#define HAVE_ISATTY 1
#define HAVE_CEIL 1
#define HAVE_FLOOR 1
#define HAVE_ROUND 1
#define HAVE_SQRT 1
#define HAVE_TRUNC 1
#define HAVE_GETHOSTBYNAME 1
#define HAVE_PTHREAD_MUTEXATTR_SETTYPE 1

configure: exit 0
